Построение начато 10.10.2022 13:07:59.
     1>Проект "D:\logica\laba2\laba2.2\laba2.2\laba2.2.vcxproj" в узле 2 (целевые объекты build).
     1>InitializeBuildStatus:
         Создание "Debug\laba2.2.unsuccessfulbuild", так как было задано "AlwaysCreate".
       ClCompile:
         C:\Program Files\Microsoft Visual Studio 10.0\VC\bin\CL.exe /c /ZI /nologo /W3 /WX- /Od /Oy- /D WIN32 /D _DEBUG /D _CONSOLE /D _UNICODE /D UNICODE /Gm /EHsc /RTC1 /MDd /GS /fp:precise /Zc:wchar_t /Zc:forScope /Fo"Debug\\" /Fd"Debug\vc100.pdb" /Gd /TP /analyze- /errorReport:prompt laba2.2.cpp
         laba2.2.cpp
     1>d:\logica\laba2\laba2.2\laba2.2\laba2.2.cpp(80): warning C4996: 'fopen': This function or variable may be unsafe. Consider using fopen_s instead. To disable deprecation, use _CRT_SECURE_NO_WARNINGS. See online help for details.
                 c:\program files\microsoft visual studio 10.0\vc\include\stdio.h(234): см. объявление "fopen"
     1>d:\logica\laba2\laba2.2\laba2.2\laba2.2.cpp(82): warning C4244: аргумент: преобразование "time_t" в "unsigned int", возможна потеря данных
     1>d:\logica\laba2\laba2.2\laba2.2\laba2.2.cpp(87): warning C4244: инициализация: преобразование "clock_t" в "float", возможна потеря данных
     1>d:\logica\laba2\laba2.2\laba2.2\laba2.2.cpp(97): warning C4996: 'fopen': This function or variable may be unsafe. Consider using fopen_s instead. To disable deprecation, use _CRT_SECURE_NO_WARNINGS. See online help for details.
                 c:\program files\microsoft visual studio 10.0\vc\include\stdio.h(234): см. объявление "fopen"
     1>d:\logica\laba2\laba2.2\laba2.2\laba2.2.cpp(98): warning C4244: аргумент: преобразование "time_t" в "unsigned int", возможна потеря данных
     1>d:\logica\laba2\laba2.2\laba2.2\laba2.2.cpp(103): warning C4244: инициализация: преобразование "clock_t" в "float", возможна потеря данных
     1>d:\logica\laba2\laba2.2\laba2.2\laba2.2.cpp(113): warning C4996: 'fopen': This function or variable may be unsafe. Consider using fopen_s instead. To disable deprecation, use _CRT_SECURE_NO_WARNINGS. See online help for details.
                 c:\program files\microsoft visual studio 10.0\vc\include\stdio.h(234): см. объявление "fopen"
     1>d:\logica\laba2\laba2.2\laba2.2\laba2.2.cpp(114): warning C4244: аргумент: преобразование "time_t" в "unsigned int", возможна потеря данных
     1>d:\logica\laba2\laba2.2\laba2.2\laba2.2.cpp(119): warning C4244: инициализация: преобразование "clock_t" в "float", возможна потеря данных
     1>d:\logica\laba2\laba2.2\laba2.2\laba2.2.cpp(130): warning C4996: 'fopen': This function or variable may be unsafe. Consider using fopen_s instead. To disable deprecation, use _CRT_SECURE_NO_WARNINGS. See online help for details.
                 c:\program files\microsoft visual studio 10.0\vc\include\stdio.h(234): см. объявление "fopen"
     1>d:\logica\laba2\laba2.2\laba2.2\laba2.2.cpp(132): warning C4244: аргумент: преобразование "time_t" в "unsigned int", возможна потеря данных
     1>d:\logica\laba2\laba2.2\laba2.2\laba2.2.cpp(138): warning C4244: инициализация: преобразование "clock_t" в "float", возможна потеря данных
     1>d:\logica\laba2\laba2.2\laba2.2\laba2.2.cpp(148): warning C4996: 'fopen': This function or variable may be unsafe. Consider using fopen_s instead. To disable deprecation, use _CRT_SECURE_NO_WARNINGS. See online help for details.
                 c:\program files\microsoft visual studio 10.0\vc\include\stdio.h(234): см. объявление "fopen"
     1>d:\logica\laba2\laba2.2\laba2.2\laba2.2.cpp(149): warning C4244: аргумент: преобразование "time_t" в "unsigned int", возможна потеря данных
     1>d:\logica\laba2\laba2.2\laba2.2\laba2.2.cpp(154): warning C4244: инициализация: преобразование "clock_t" в "float", возможна потеря данных
     1>d:\logica\laba2\laba2.2\laba2.2\laba2.2.cpp(164): warning C4996: 'fopen': This function or variable may be unsafe. Consider using fopen_s instead. To disable deprecation, use _CRT_SECURE_NO_WARNINGS. See online help for details.
                 c:\program files\microsoft visual studio 10.0\vc\include\stdio.h(234): см. объявление "fopen"
     1>d:\logica\laba2\laba2.2\laba2.2\laba2.2.cpp(165): warning C4244: аргумент: преобразование "time_t" в "unsigned int", возможна потеря данных
     1>d:\logica\laba2\laba2.2\laba2.2\laba2.2.cpp(171): warning C4244: инициализация: преобразование "clock_t" в "float", возможна потеря данных
     1>d:\logica\laba2\laba2.2\laba2.2\laba2.2.cpp(182): warning C4996: 'fopen': This function or variable may be unsafe. Consider using fopen_s instead. To disable deprecation, use _CRT_SECURE_NO_WARNINGS. See online help for details.
                 c:\program files\microsoft visual studio 10.0\vc\include\stdio.h(234): см. объявление "fopen"
     1>d:\logica\laba2\laba2.2\laba2.2\laba2.2.cpp(184): warning C4244: аргумент: преобразование "time_t" в "unsigned int", возможна потеря данных
     1>d:\logica\laba2\laba2.2\laba2.2\laba2.2.cpp(190): warning C4244: инициализация: преобразование "clock_t" в "float", возможна потеря данных
     1>d:\logica\laba2\laba2.2\laba2.2\laba2.2.cpp(200): warning C4996: 'fopen': This function or variable may be unsafe. Consider using fopen_s instead. To disable deprecation, use _CRT_SECURE_NO_WARNINGS. See online help for details.
                 c:\program files\microsoft visual studio 10.0\vc\include\stdio.h(234): см. объявление "fopen"
     1>d:\logica\laba2\laba2.2\laba2.2\laba2.2.cpp(201): warning C4244: аргумент: преобразование "time_t" в "unsigned int", возможна потеря данных
     1>d:\logica\laba2\laba2.2\laba2.2\laba2.2.cpp(207): warning C4244: инициализация: преобразование "clock_t" в "float", возможна потеря данных
     1>d:\logica\laba2\laba2.2\laba2.2\laba2.2.cpp(217): warning C4996: 'fopen': This function or variable may be unsafe. Consider using fopen_s instead. To disable deprecation, use _CRT_SECURE_NO_WARNINGS. See online help for details.
                 c:\program files\microsoft visual studio 10.0\vc\include\stdio.h(234): см. объявление "fopen"
     1>d:\logica\laba2\laba2.2\laba2.2\laba2.2.cpp(218): warning C4244: аргумент: преобразование "time_t" в "unsigned int", возможна потеря данных
     1>d:\logica\laba2\laba2.2\laba2.2\laba2.2.cpp(224): warning C4244: инициализация: преобразование "clock_t" в "float", возможна потеря данных
     1>d:\logica\laba2\laba2.2\laba2.2\laba2.2.cpp(234): warning C4996: 'fopen': This function or variable may be unsafe. Consider using fopen_s instead. To disable deprecation, use _CRT_SECURE_NO_WARNINGS. See online help for details.
                 c:\program files\microsoft visual studio 10.0\vc\include\stdio.h(234): см. объявление "fopen"
     1>d:\logica\laba2\laba2.2\laba2.2\laba2.2.cpp(236): warning C4244: аргумент: преобразование "time_t" в "unsigned int", возможна потеря данных
     1>d:\logica\laba2\laba2.2\laba2.2\laba2.2.cpp(244): warning C4244: инициализация: преобразование "clock_t" в "float", возможна потеря данных
     1>d:\logica\laba2\laba2.2\laba2.2\laba2.2.cpp(254): warning C4996: 'fopen': This function or variable may be unsafe. Consider using fopen_s instead. To disable deprecation, use _CRT_SECURE_NO_WARNINGS. See online help for details.
                 c:\program files\microsoft visual studio 10.0\vc\include\stdio.h(234): см. объявление "fopen"
     1>d:\logica\laba2\laba2.2\laba2.2\laba2.2.cpp(255): warning C4244: аргумент: преобразование "time_t" в "unsigned int", возможна потеря данных
     1>d:\logica\laba2\laba2.2\laba2.2\laba2.2.cpp(263): warning C4244: инициализация: преобразование "clock_t" в "float", возможна потеря данных
     1>d:\logica\laba2\laba2.2\laba2.2\laba2.2.cpp(273): warning C4996: 'fopen': This function or variable may be unsafe. Consider using fopen_s instead. To disable deprecation, use _CRT_SECURE_NO_WARNINGS. See online help for details.
                 c:\program files\microsoft visual studio 10.0\vc\include\stdio.h(234): см. объявление "fopen"
     1>d:\logica\laba2\laba2.2\laba2.2\laba2.2.cpp(274): warning C4244: аргумент: преобразование "time_t" в "unsigned int", возможна потеря данных
     1>d:\logica\laba2\laba2.2\laba2.2\laba2.2.cpp(282): warning C4244: инициализация: преобразование "clock_t" в "float", возможна потеря данных
     1>d:\logica\laba2\laba2.2\laba2.2\laba2.2.cpp(296): warning C4996: 'scanf': This function or variable may be unsafe. Consider using scanf_s instead. To disable deprecation, use _CRT_SECURE_NO_WARNINGS. See online help for details.
                 c:\program files\microsoft visual studio 10.0\vc\include\stdio.h(304): см. объявление "scanf"
       ManifestResourceCompile:
         Для всех выходных данных обновления не требуется.
       Link:
         C:\Program Files\Microsoft Visual Studio 10.0\VC\bin\link.exe /ERRORREPORT:PROMPT /OUT:"D:\logica\laba2\laba2.2\Debug\laba2.2.exe" /INCREMENTAL /NOLOGO kernel32.lib user32.lib gdi32.lib winspool.lib comdlg32.lib advapi32.lib shell32.lib ole32.lib oleaut32.lib uuid.lib odbc32.lib odbccp32.lib /MANIFEST /ManifestFile:"Debug\laba2.2.exe.intermediate.manifest" /MANIFESTUAC:"level='asInvoker' uiAccess='false'" /DEBUG /PDB:"D:\logica\laba2\laba2.2\Debug\laba2.2.pdb" /SUBSYSTEM:CONSOLE /TLBID:1 /DYNAMICBASE /NXCOMPAT /IMPLIB:"D:\logica\laba2\laba2.2\Debug\laba2.2.lib" /MACHINE:X86 Debug\laba2.2.exe.embed.manifest.res
         Debug\laba2.2.obj
         Debug\stdafx.obj
       Manifest:
         C:\Program Files\Microsoft SDKs\Windows\v7.0A\bin\mt.exe /nologo /verbose /out:"Debug\laba2.2.exe.embed.manifest" /manifest Debug\laba2.2.exe.intermediate.manifest
         Для всех выходных данных обновления не требуется.
       LinkEmbedManifest:
         Для всех выходных данных обновления не требуется.
         laba2.2.vcxproj -> D:\logica\laba2\laba2.2\Debug\laba2.2.exe
       FinalizeBuildStatus:
         Файл "Debug\laba2.2.unsuccessfulbuild" удаляется.
         Обращение к "Debug\laba2.2.lastbuildstate".
     1>Построение проекта "D:\logica\laba2\laba2.2\laba2.2\laba2.2.vcxproj" завершено (целевые объекты build).

Построение успешно завершено.

Затраченное время: 00:00:01.87
