D:\LOGICA\LABA2\LABA2.2\DEBUG\LABA2.2.EXE
D:\LOGICA\LABA2\LABA2.2\DEBUG\LABA2.2.ILK
D:\LOGICA\LABA2\LABA2.2\DEBUG\LABA2.2.PDB
D:\logica\laba2\laba2.2\laba2.2\Debug\cl.command.1.tlog
D:\logica\laba2\laba2.2\laba2.2\Debug\CL.read.1.tlog
D:\logica\laba2\laba2.2\laba2.2\Debug\CL.write.1.tlog
D:\LOGICA\LABA2\LABA2.2\LABA2.2\DEBUG\LABA2.2.EXE.EMBED.MANIFEST
D:\LOGICA\LABA2\LABA2.2\LABA2.2\DEBUG\LABA2.2.EXE.EMBED.MANIFEST.RES
D:\LOGICA\LABA2\LABA2.2\LABA2.2\DEBUG\LABA2.2.EXE.INTERMEDIATE.MANIFEST
D:\LOGICA\LABA2\LABA2.2\LABA2.2\DEBUG\LABA2.2.OBJ
D:\logica\laba2\laba2.2\laba2.2\Debug\laba2.2.vcxprojResolveAssemblyReference.cache
D:\logica\laba2\laba2.2\laba2.2\Debug\laba2.2.write.1.tlog
D:\logica\laba2\laba2.2\laba2.2\Debug\laba2.2_manifest.rc
D:\logica\laba2\laba2.2\laba2.2\Debug\link.4788.read.1.tlog
D:\logica\laba2\laba2.2\laba2.2\Debug\link.4788.write.1.tlog
D:\logica\laba2\laba2.2\laba2.2\Debug\link.4788-cvtres.read.1.tlog
D:\logica\laba2\laba2.2\laba2.2\Debug\link.4788-cvtres.write.1.tlog
D:\logica\laba2\laba2.2\laba2.2\Debug\link.6052.read.1.tlog
D:\logica\laba2\laba2.2\laba2.2\Debug\link.6052.write.1.tlog
D:\logica\laba2\laba2.2\laba2.2\Debug\link.6052-cvtres.read.1.tlog
D:\logica\laba2\laba2.2\laba2.2\Debug\link.6052-cvtres.write.1.tlog
D:\logica\laba2\laba2.2\laba2.2\Debug\link.6308.read.1.tlog
D:\logica\laba2\laba2.2\laba2.2\Debug\link.6308.write.1.tlog
D:\logica\laba2\laba2.2\laba2.2\Debug\link.6308-cvtres.read.1.tlog
D:\logica\laba2\laba2.2\laba2.2\Debug\link.6308-cvtres.write.1.tlog
D:\logica\laba2\laba2.2\laba2.2\Debug\link.6724.read.1.tlog
D:\logica\laba2\laba2.2\laba2.2\Debug\link.6724.write.1.tlog
D:\logica\laba2\laba2.2\laba2.2\Debug\link.6724-cvtres.read.1.tlog
D:\logica\laba2\laba2.2\laba2.2\Debug\link.6724-cvtres.write.1.tlog
D:\logica\laba2\laba2.2\laba2.2\Debug\link.7272.read.1.tlog
D:\logica\laba2\laba2.2\laba2.2\Debug\link.7272.write.1.tlog
D:\logica\laba2\laba2.2\laba2.2\Debug\link.7272-cvtres.read.1.tlog
D:\logica\laba2\laba2.2\laba2.2\Debug\link.7272-cvtres.write.1.tlog
D:\logica\laba2\laba2.2\laba2.2\Debug\link.8056.read.1.tlog
D:\logica\laba2\laba2.2\laba2.2\Debug\link.8056.write.1.tlog
D:\logica\laba2\laba2.2\laba2.2\Debug\link.8056-cvtres.read.1.tlog
D:\logica\laba2\laba2.2\laba2.2\Debug\link.8056-cvtres.write.1.tlog
D:\logica\laba2\laba2.2\laba2.2\Debug\link.command.1.tlog
D:\logica\laba2\laba2.2\laba2.2\Debug\link.read.1.tlog
D:\logica\laba2\laba2.2\laba2.2\Debug\link.write.1.tlog
D:\logica\laba2\laba2.2\laba2.2\Debug\link-cvtres.read.1.tlog
D:\logica\laba2\laba2.2\laba2.2\Debug\link-cvtres.write.1.tlog
D:\logica\laba2\laba2.2\laba2.2\Debug\mt.command.1.tlog
D:\logica\laba2\laba2.2\laba2.2\Debug\mt.read.1.tlog
D:\logica\laba2\laba2.2\laba2.2\Debug\mt.write.1.tlog
D:\logica\laba2\laba2.2\laba2.2\Debug\rc.command.1.tlog
D:\logica\laba2\laba2.2\laba2.2\Debug\rc.read.1.tlog
D:\logica\laba2\laba2.2\laba2.2\Debug\rc.write.1.tlog
D:\LOGICA\LABA2\LABA2.2\LABA2.2\DEBUG\STDAFX.OBJ
D:\logica\laba2\laba2.2\laba2.2\Debug\vc100.idb
D:\LOGICA\LABA2\LABA2.2\LABA2.2\DEBUG\VC100.PDB
